Thu Mar 27 13:16:58 UTC 2025
Thu Mar 27 15:02:05 UTC 2025
Fri Mar 28 13:15:53 UTC 2025
Sat Mar 29 13:02:23 UTC 2025
Sun Mar 30 13:02:33 UTC 2025
Mon Mar 31 13:19:03 UTC 2025
Tue Apr  1 13:35:40 UTC 2025
Wed Apr  2 13:18:56 UTC 2025
Thu Apr  3 13:18:18 UTC 2025
Fri Apr  4 13:16:48 UTC 2025
Sat Apr  5 13:01:40 UTC 2025
Sun Apr  6 13:02:22 UTC 2025
Mon Apr  7 13:35:23 UTC 2025
Tue Apr  8 13:34:22 UTC 2025
Wed Apr  9 13:37:10 UTC 2025
Thu Apr 10 13:19:08 UTC 2025
Fri Apr 11 13:17:42 UTC 2025
Sat Apr 12 13:02:16 UTC 2025
Sun Apr 13 13:03:46 UTC 2025
Mon Apr 14 13:35:51 UTC 2025
Tue Apr 15 13:36:06 UTC 2025
Wed Apr 16 13:34:30 UTC 2025
Thu Apr 17 13:18:24 UTC 2025
Fri Apr 18 13:15:27 UTC 2025
Sat Apr 19 13:02:28 UTC 2025
Sun Apr 20 13:05:05 UTC 2025
Mon Apr 21 13:17:14 UTC 2025
Tue Apr 22 13:34:55 UTC 2025
Wed Apr 23 13:35:45 UTC 2025
Thu Apr 24 13:36:33 UTC 2025
Fri Apr 25 13:18:34 UTC 2025
Sat Apr 26 13:04:04 UTC 2025
Sun Apr 27 12:25:48 UTC 2025
Mon Apr 28 12:29:01 UTC 2025
Tue Apr 29 12:31:02 UTC 2025
Wed Apr 30 12:28:43 UTC 2025
Thu May  1 12:28:14 UTC 2025
Fri May  2 12:28:35 UTC 2025
Sat May  3 12:26:21 UTC 2025
